  main.cpp
C:\Users\USER\Documents\datastructurelab2026-4\Lec10_Graph\Lec10_Graph\AdjMatGraph.h(76,14): error C4996: 'fopen': This function or variable may be unsafe. Consider using fopen_s instead. To disable deprecation, use _CRT_SECURE_NO_WARNINGS. See online help for details.
  (소스 파일 'main.cpp'을(를) 컴파일하는 중)
  
C:\Users\USER\Documents\datastructurelab2026-4\Lec10_Graph\Lec10_Graph\AdjMatGraph.h(83,5): error C4996: 'fscanf': This function or variable may be unsafe. Consider using fscanf_s instead. To disable deprecation, use _CRT_SECURE_NO_WARNINGS. See online help for details.
  (소스 파일 'main.cpp'을(를) 컴파일하는 중)
  
C:\Users\USER\Documents\datastructurelab2026-4\Lec10_Graph\Lec10_Graph\AdjMatGraph.h(78,11): warning C4101: 'val' :참조되지 않은 지역 변수입니다.
  (소스 파일 'main.cpp'을(를) 컴파일하는 중)
  
C:\Users\USER\Documents\datastructurelab2026-4\Lec10_Graph\Lec10_Graph\AdjMatGraph.h(99,3): error C2065: 'MinHeap': 선언되지 않은 식별자입니다.
  (소스 파일 'main.cpp'을(를) 컴파일하는 중)
  
C:\Users\USER\Documents\datastructurelab2026-4\Lec10_Graph\Lec10_Graph\AdjMatGraph.h(99,11): error C2146: 구문 오류: ';'이(가) 'heap' 식별자 앞에 없습니다.
  (소스 파일 'main.cpp'을(를) 컴파일하는 중)
  
C:\Users\USER\Documents\datastructurelab2026-4\Lec10_Graph\Lec10_Graph\AdjMatGraph.h(99,11): error C2065: 'heap': 선언되지 않은 식별자입니다.
  (소스 파일 'main.cpp'을(를) 컴파일하는 중)
  
C:\Users\USER\Documents\datastructurelab2026-4\Lec10_Graph\Lec10_Graph\AdjMatGraph.h(99,23): error C2059: 구문 오류: '상수'
  (소스 파일 'main.cpp'을(를) 컴파일하는 중)
  
C:\Users\USER\Documents\datastructurelab2026-4\Lec10_Graph\Lec10_Graph\AdjMatGraph.h(100,20): error C2065: 'i': 선언되지 않은 식별자입니다.
  (소스 파일 'main.cpp'을(를) 컴파일하는 중)
  
C:\Users\USER\Documents\datastructurelab2026-4\Lec10_Graph\Lec10_Graph\AdjMatGraph.h(100,34): error C2065: 'i': 선언되지 않은 식별자입니다.
  (소스 파일 'main.cpp'을(를) 컴파일하는 중)
  
C:\Users\USER\Documents\datastructurelab2026-4\Lec10_Graph\Lec10_Graph\AdjMatGraph.h(100,37): error C2059: 구문 오류: ')'
  (소스 파일 'main.cpp'을(를) 컴파일하는 중)
  
C:\Users\USER\Documents\datastructurelab2026-4\Lec10_Graph\Lec10_Graph\AdjMatGraph.h(100,39): error C2065: 'cite': 선언되지 않은 식별자입니다.
  (소스 파일 'main.cpp'을(를) 컴파일하는 중)
  
C:\Users\USER\Documents\datastructurelab2026-4\Lec10_Graph\Lec10_Graph\AdjMatGraph.h(100,43): error C2059: 구문 오류: ':'
  (소스 파일 'main.cpp'을(를) 컴파일하는 중)
  
C:\Users\USER\Documents\datastructurelab2026-4\Lec10_Graph\Lec10_Graph\AdjMatGraph.h(101,25): error C2065: 'j': 선언되지 않은 식별자입니다.
  (소스 파일 'main.cpp'을(를) 컴파일하는 중)
  
C:\Users\USER\Documents\datastructurelab2026-4\Lec10_Graph\Lec10_Graph\AdjMatGraph.h(101,35): error C2065: 'j': 선언되지 않은 식별자입니다.
  (소스 파일 'main.cpp'을(를) 컴파일하는 중)
  
C:\Users\USER\Documents\datastructurelab2026-4\Lec10_Graph\Lec10_Graph\AdjMatGraph.h(101,38): error C2059: 구문 오류: ')'
  (소스 파일 'main.cpp'을(를) 컴파일하는 중)
  
C:\Users\USER\Documents\datastructurelab2026-4\Lec10_Graph\Lec10_Graph\AdjMatGraph.h(101,40): error C2065: 'cite': 선언되지 않은 식별자입니다.
  (소스 파일 'main.cpp'을(를) 컴파일하는 중)
  
C:\Users\USER\Documents\datastructurelab2026-4\Lec10_Graph\Lec10_Graph\AdjMatGraph.h(101,44): error C2059: 구문 오류: ':'
  (소스 파일 'main.cpp'을(를) 컴파일하는 중)
  
C:\Users\USER\Documents\datastructurelab2026-4\Lec10_Graph\Lec10_Graph\AdjMatGraph.h(104,3): error C2065: 'VertexSets': 선언되지 않은 식별자입니다.
  (소스 파일 'main.cpp'을(를) 컴파일하는 중)
  
C:\Users\USER\Documents\datastructurelab2026-4\Lec10_Graph\Lec10_Graph\AdjMatGraph.h(104,14): error C2146: 구문 오류: ';'이(가) 'set' 식별자 앞에 없습니다.
  (소스 파일 'main.cpp'을(를) 컴파일하는 중)
  
C:\Users\USER\Documents\datastructurelab2026-4\Lec10_Graph\Lec10_Graph\AdjMatGraph.h(104,14): error C3861: 'set': 식별자를 찾을 수 없습니다.
  (소스 파일 'main.cpp'을(를) 컴파일하는 중)
  
C:\Users\USER\Documents\datastructurelab2026-4\Lec10_Graph\Lec10_Graph\AdjMatGraph.h(108,4): error C2065: 'HeapNode': 선언되지 않은 식별자입니다.
  (소스 파일 'main.cpp'을(를) 컴파일하는 중)
  
C:\Users\USER\Documents\datastructurelab2026-4\Lec10_Graph\Lec10_Graph\AdjMatGraph.h(108,13): error C2146: 구문 오류: ';'이(가) 'e' 식별자 앞에 없습니다.
  (소스 파일 'main.cpp'을(를) 컴파일하는 중)
  
C:\Users\USER\Documents\datastructurelab2026-4\Lec10_Graph\Lec10_Graph\AdjMatGraph.h(108,13): error C2065: 'e': 선언되지 않은 식별자입니다.
  (소스 파일 'main.cpp'을(를) 컴파일하는 중)
  
C:\Users\USER\Documents\datastructurelab2026-4\Lec10_Graph\Lec10_Graph\AdjMatGraph.h(108,17): error C2065: 'heap': 선언되지 않은 식별자입니다.
  (소스 파일 'main.cpp'을(를) 컴파일하는 중)
  
C:\Users\USER\Documents\datastructurelab2026-4\Lec10_Graph\Lec10_Graph\AdjMatGraph.h(109,15): error C2065: 'set': 선언되지 않은 식별자입니다.
  (소스 파일 'main.cpp'을(를) 컴파일하는 중)
  
C:\Users\USER\Documents\datastructurelab2026-4\Lec10_Graph\Lec10_Graph\AdjMatGraph.h(109,27): error C2065: 'e': 선언되지 않은 식별자입니다.
  (소스 파일 'main.cpp'을(를) 컴파일하는 중)
  
C:\Users\USER\Documents\datastructurelab2026-4\Lec10_Graph\Lec10_Graph\AdjMatGraph.h(109,45): error C2059: 구문 오류: '상수'
  (소스 파일 'main.cpp'을(를) 컴파일하는 중)
  
C:\Users\USER\Documents\datastructurelab2026-4\Lec10_Graph\Lec10_Graph\AdjMatGraph.h(110,46): error C2059: 구문 오류: '상수'
  (소스 파일 'main.cpp'을(를) 컴파일하는 중)
  
C:\Users\USER\Documents\datastructurelab2026-4\Lec10_Graph\Lec10_Graph\AdjMatGraph.h(112,23): error C2143: 구문 오류: ';'이(가) '{' 앞에 없습니다.
  (소스 파일 'main.cpp'을(를) 컴파일하는 중)
  
C:\Users\USER\Documents\datastructurelab2026-4\Lec10_Graph\Lec10_Graph\AdjMatGraph.h(114,17): error C2065: 'e': 선언되지 않은 식별자입니다.
  (소스 파일 'main.cpp'을(를) 컴파일하는 중)
  
C:\Users\USER\Documents\datastructurelab2026-4\Lec10_Graph\Lec10_Graph\AdjMatGraph.h(114,39): error C2065: 'e': 선언되지 않은 식별자입니다.
  (소스 파일 'main.cpp'을(를) 컴파일하는 중)
  
C:\Users\USER\Documents\datastructurelab2026-4\Lec10_Graph\Lec10_Graph\AdjMatGraph.h(114,51): error C2065: 'e': 선언되지 않은 식별자입니다.
  (소스 파일 'main.cpp'을(를) 컴파일하는 중)
  
C:\Users\USER\Documents\datastructurelab2026-4\Lec10_Graph\Lec10_Graph\AdjMatGraph.h(113,13): warning C4473: 'printf': 서식 문자열에 대한 인수가 충분하게 전달되지 않았습니다.
  (소스 파일 'main.cpp'을(를) 컴파일하는 중)
  C:\Users\USER\Documents\datastructurelab2026-4\Lec10_Graph\Lec10_Graph\AdjMatGraph.h(113,13):
  자리 표시자 및 해당 매개 변수에는 variadic 인수가 3개 필요하지만 0개가 제공되었습니다.
  C:\Users\USER\Documents\datastructurelab2026-4\Lec10_Graph\Lec10_Graph\AdjMatGraph.h(113,13):
  누락된 variadic 인수 1이(가) 서식 문자열 '%c'에 필요합니다.
  
C:\Users\USER\Documents\datastructurelab2026-4\Lec10_Graph\Lec10_Graph\AdjMatGraph.h(114,70): error C2059: 구문 오류: '상수'
  (소스 파일 'main.cpp'을(를) 컴파일하는 중)
  
C:\Users\USER\Documents\datastructurelab2026-4\Lec10_Graph\Lec10_Graph\main.cpp(3,1): warning C4326: 'main'의 반환 형식이 'int'이어야 하는데 'void'입니다.
C:\Users\USER\Documents\datastructurelab2026-4\Lec10_Graph\Lec10_Graph\main.cpp(29,1): error C2059: 구문 오류: '+'
